# JRE version: Java(TM) SE Runtime Environment (17.0.3.1+2) (build 17.0.3.1+2-LTS-6)
# Java VM: Java HotSpot(TM) 64-Bit Server VM (17.0.3.1+2-LTS-6, mixed mode, sharing, tiered, compressed oops, compressed class ptrs, g1 gc, windows-amd64)
GC Precious Log:
 CPUs: 8 total, 8 available
 Memory: 7959M
 Large Page Support: Disabled
 NUMA Support: Disabled
 Compressed Oops: Enabled (32-bit)
 Heap Region Size: 1M
 Heap Min Capacity: 8M
 Heap Initial Capacity: 126M
 Heap Max Capacity: 2G
 Pre-touch: Disabled
 Parallel Workers: 8
 Concurrent Workers: 2
 Concurrent Refinement Workers: 8
 Periodic GC: Disabled
Heap:
 garbage-first heap   total 172032K, used 101566K [0x0000000080000000, 0x0000000100000000)
  region size 1024K, 57 young (58368K), 6 survivors (6144K)
 Metaspace       used 41584K, committed 42112K, reserved 462848K
  class space    used 5616K, committed 5888K, reserved 421888K
GC Heap History (20 events):
Event: 53.225 GC heap before
{Heap before GC invocations=31 (full 0):
 garbage-first heap   total 143360K, used 135696K [0x0000000080000000, 0x0000000100000000)
  region size 1024K, 81 young (82944K), 3 survivors (3072K)
 Metaspace       used 41547K, committed 42112K, reserved 462848K
  class space    used 5615K, committed 5888K, reserved 421888K
}
Event: 53.231 GC heap after
{Heap after GC invocations=32 (full 0):
 garbage-first heap   total 143360K, used 46000K [0x0000000080000000, 0x0000000100000000)
  region size 1024K, 4 young (4096K), 4 survivors (4096K)
 Metaspace       used 41547K, committed 42112K, reserved 462848K
  class space    used 5615K, committed 5888K, reserved 421888K
}
Event: 54.185 GC heap before
{Heap before GC invocations=32 (full 0):
 garbage-first heap   total 143360K, used 123824K [0x0000000080000000, 0x0000000100000000)
  region size 1024K, 80 young (81920K), 4 survivors (4096K)
 Metaspace       used 41560K, committed 42112K, reserved 462848K
  class space    used 5615K, committed 5888K, reserved 421888K
}
Event: 54.192 GC heap after
{Heap after GC invocations=33 (full 0):
 garbage-first heap   total 143360K, used 46750K [0x0000000080000000, 0x0000000100000000)
  region size 1024K, 4 young (4096K), 4 survivors (4096K)
 Metaspace       used 41560K, committed 42112K, reserved 462848K
  class space    used 5615K, committed 5888K, reserved 421888K
}
Event: 54.769 GC heap before
{Heap before GC invocations=33 (full 0):
 garbage-first heap   total 143360K, used 123550K [0x0000000080000000, 0x0000000100000000)
  region size 1024K, 79 young (80896K), 4 survivors (4096K)
 Metaspace       used 41560K, committed 42112K, reserved 462848K
  class space    used 5615K, committed 5888K, reserved 421888K
}
Event: 54.777 GC heap after
{Heap after GC invocations=34 (full 0):
 garbage-first heap   total 143360K, used 46859K [0x0000000080000000, 0x0000000100000000)
  region size 1024K, 4 young (4096K), 4 survivors (4096K)
 Metaspace       used 41560K, committed 42112K, reserved 462848K
  class space    used 5615K, committed 5888K, reserved 421888K
}
Event: 55.417 GC heap before
{Heap before GC invocations=34 (full 0):
 garbage-first heap   total 143360K, used 123659K [0x0000000080000000, 0x0000000100000000)
  region size 1024K, 79 young (80896K), 4 survivors (4096K)
 Metaspace       used 41560K, committed 42112K, reserved 462848K
  class space    used 5615K, committed 5888K, reserved 421888K
}
Event: 55.424 GC heap after
{Heap after GC invocations=35 (full 0):
 garbage-first heap   total 143360K, used 47244K [0x0000000080000000, 0x0000000100000000)
  region size 1024K, 4 young (4096K), 4 survivors (4096K)
 Metaspace       used 41560K, committed 42112K, reserved 462848K
  class space    used 5615K, committed 5888K, reserved 421888K
}
Event: 56.085 GC heap before
{Heap before GC invocations=35 (full 0):
 garbage-first heap   total 143360K, used 124044K [0x0000000080000000, 0x0000000100000000)
  region size 1024K, 79 young (80896K), 4 survivors (4096K)
 Metaspace       used 41560K, committed 42112K, reserved 462848K
  class space    used 5615K, committed 5888K, reserved 421888K
}
Event: 56.093 GC heap after
{Heap after GC invocations=36 (full 0):
 garbage-first heap   total 143360K, used 47558K [0x0000000080000000, 0x0000000100000000)
  region size 1024K, 5 young (5120K), 5 survivors (5120K)
 Metaspace       used 41560K, committed 42112K, reserved 462848K
  class space    used 5615K, committed 5888K, reserved 421888K
}
Event: 56.664 GC heap before
{Heap before GC invocations=36 (full 0):
 garbage-first heap   total 143360K, used 122310K [0x0000000080000000, 0x0000000100000000)
  region size 1024K, 78 young (79872K), 5 survivors (5120K)
 Metaspace       used 41561K, committed 42112K, reserved 462848K
  class space    used 5615K, committed 5888K, reserved 421888K
}
Event: 56.675 GC heap after
{Heap after GC invocations=37 (full 0):
 garbage-first heap   total 143360K, used 48163K [0x0000000080000000, 0x0000000100000000)
  region size 1024K, 5 young (5120K), 5 survivors (5120K)
 Metaspace       used 41561K, committed 42112K, reserved 462848K
  class space    used 5615K, committed 5888K, reserved 421888K
}
Event: 57.461 GC heap before
{Heap before GC invocations=37 (full 0):
 garbage-first heap   total 143360K, used 122915K [0x0000000080000000, 0x0000000100000000)
  region size 1024K, 78 young (79872K), 5 survivors (5120K)
 Metaspace       used 41564K, committed 42112K, reserved 462848K
  class space    used 5615K, committed 5888K, reserved 421888K
}
Event: 57.470 GC heap after
{Heap after GC invocations=38 (full 0):
 garbage-first heap   total 172032K, used 48457K [0x0000000080000000, 0x0000000100000000)
  region size 1024K, 5 young (5120K), 5 survivors (5120K)
 Metaspace       used 41564K, committed 42112K, reserved 462848K
  class space    used 5615K, committed 5888K, reserved 421888K
}
Event: 59.170 GC heap before
{Heap before GC invocations=38 (full 0):
 garbage-first heap   total 172032K, used 145737K [0x0000000080000000, 0x0000000100000000)
  region size 1024K, 100 young (102400K), 5 survivors (5120K)
 Metaspace       used 41567K, committed 42112K, reserved 462848K
  class space    used 5615K, committed 5888K, reserved 421888K
}
Event: 59.181 GC heap after
{Heap after GC invocations=39 (full 0):
 garbage-first heap   total 172032K, used 49007K [0x0000000080000000, 0x0000000100000000)
  region size 1024K, 5 young (5120K), 5 survivors (5120K)
 Metaspace       used 41567K, committed 42112K, reserved 462848K
  class space    used 5615K, committed 5888K, reserved 421888K
}
Event: 60.204 GC heap before
{Heap before GC invocations=39 (full 0):
 garbage-first heap   total 172032K, used 146287K [0x0000000080000000, 0x0000000100000000)
  region size 1024K, 100 young (102400K), 5 survivors (5120K)
 Metaspace       used 41570K, committed 42112K, reserved 462848K
  class space    used 5616K, committed 5888K, reserved 421888K
}
Event: 60.211 GC heap after
{Heap after GC invocations=40 (full 0):
 garbage-first heap   total 172032K, used 49748K [0x0000000080000000, 0x0000000100000000)
  region size 1024K, 6 young (6144K), 6 survivors (6144K)
 Metaspace       used 41570K, committed 42112K, reserved 462848K
  class space    used 5616K, committed 5888K, reserved 421888K
}
Event: 61.523 GC heap before
{Heap before GC invocations=40 (full 0):
 garbage-first heap   total 172032K, used 146004K [0x0000000080000000, 0x0000000100000000)
  region size 1024K, 100 young (102400K), 6 survivors (6144K)
 Metaspace       used 41583K, committed 42112K, reserved 462848K
  class space    used 5616K, committed 5888K, reserved 421888K
}
Event: 61.533 GC heap after
{Heap after GC invocations=41 (full 0):
 garbage-first heap   total 172032K, used 50366K [0x0000000080000000, 0x0000000100000000)
  region size 1024K, 6 young (6144K), 6 survivors (6144K)
 Metaspace       used 41583K, committed 42112K, reserved 462848K
  class space    used 5616K, committed 5888K, reserved 421888K
}

